<?xml version="1.0" encoding="UTF-8"?>
<!-- Generated by org.testng.reporters.JUnitReportReporter -->
<testsuite hostname="Iva-PC" failures="0" tests="1" name="pages.tests.Test5" time="13.558" errors="0" timestamp="01 Sep 2019 14:20:09 GMT" skipped="0">
  <testcase classname="pages.tests.Test5" name="internetArchiveTest5" time="13.558"/>
</testsuite> <!-- pages.tests.Test5 -->
