<?xml version="1.0" encoding="UTF-8"?>
<!-- Generated by org.testng.reporters.JUnitReportReporter -->
<testsuite hostname="Iva-PC" failures="0" tests="1" name="dynadot.Test1" time="19.152" errors="0" timestamp="18 Aug 2019 14:31:58 GMT" skipped="0">
  <testcase classname="dynadot.Test1" name="dynaDotTest" time="19.152"/>
</testsuite> <!-- dynadot.Test1 -->
