<?xml version="1.0" encoding="UTF-8"?>
<!-- Generated by org.testng.reporters.JUnitReportReporter -->
<testsuite hostname="Iva-PC" failures="0" tests="1" name="pages.tests.Test6" time="16.525" errors="0" timestamp="01 Sep 2019 14:15:54 GMT" skipped="0">
  <testcase classname="pages.tests.Test6" name="internetArchiveTest5" time="16.525"/>
</testsuite> <!-- pages.tests.Test6 -->
