<?xml version="1.0" encoding="UTF-8"?>
<!-- Generated by org.testng.reporters.JUnitReportReporter -->
<testsuite hostname="Iva-PC" failures="0" tests="1" name="pages.tests.Test2" time="26.369" errors="0" timestamp="01 Sep 2019 14:29:13 GMT" skipped="0">
  <testcase classname="pages.tests.Test2" name="internetArchiveTest" time="26.369"/>
</testsuite> <!-- pages.tests.Test2 -->
