<?xml version="1.0" encoding="UTF-8"?>
<!-- Generated by org.testng.reporters.JUnitReportReporter -->
<testsuite hostname="Iva-PC" failures="0" tests="1" name="phptravel.Test1" time="13.410" errors="0" timestamp="21 Aug 2019 09:41:11 GMT" skipped="0">
  <testcase classname="phptravel.Test1" name="phpTravelsTest" time="13.410"/>
</testsuite> <!-- phptravel.Test1 -->
