<?xml version="1.0" encoding="UTF-8"?>
<!-- Generated by org.testng.reporters.JUnitReportReporter -->
<testsuite hostname="Iva-PC" failures="0" tests="1" name="youtube.Test1" time="14.741" errors="0" timestamp="19 Aug 2019 09:16:38 GMT" skipped="0">
  <testcase classname="youtube.Test1" name="youTubeTest" time="14.741"/>
</testsuite> <!-- youtube.Test1 -->
