<?xml version="1.0" encoding="UTF-8"?>
<!-- Generated by org.testng.reporters.JUnitReportReporter -->
<testsuite hostname="Iva-PC" failures="0" tests="1" name="pages.tests.Test4" time="10.937" errors="0" timestamp="01 Sep 2019 14:22:05 GMT" skipped="0">
  <testcase classname="pages.tests.Test4" name="internetArchiveTest" time="10.937"/>
</testsuite> <!-- pages.tests.Test4 -->
