<?xml version="1.0" encoding="UTF-8"?>
<!-- Generated by org.testng.reporters.JUnitReportReporter -->
<testsuite hostname="Iva-PC" failures="0" tests="1" name="ebay.Test1" time="25.537" errors="0" timestamp="16 Aug 2019 12:00:42 GMT" skipped="0">
  <testcase classname="ebay.Test1" name="sportTest" time="25.537"/>
</testsuite> <!-- ebay.Test1 -->
