<?xml version="1.0" encoding="UTF-8"?>
<!-- Generated by org.testng.reporters.JUnitReportReporter -->
<testsuite hostname="Iva-PC" failures="0" tests="1" name="metacafe.Test1" time="17.448" errors="0" timestamp="26 Aug 2019 11:53:14 GMT" skipped="0">
  <testcase classname="metacafe.Test1" name="metaCaffeTest" time="17.448"/>
</testsuite> <!-- metacafe.Test1 -->
