<?xml version="1.0" encoding="UTF-8"?>
<!-- Generated by org.testng.reporters.JUnitReportReporter -->
<testsuite hostname="Iva-PC" failures="0" tests="1" name="pages.tests.Test3" time="23.302" errors="0" timestamp="01 Sep 2019 14:27:13 GMT" skipped="0">
  <testcase classname="pages.tests.Test3" name="internetArchiveTest" time="23.302"/>
</testsuite> <!-- pages.tests.Test3 -->
