<?xml version="1.0" encoding="UTF-8"?>
<!-- Generated by org.testng.reporters.JUnitReportReporter -->
<testsuite hostname="Iva-PC" failures="0" tests="1" name="pages.tests.Test7" time="19.683" errors="0" timestamp="01 Sep 2019 14:48:30 GMT" skipped="0">
  <testcase classname="pages.tests.Test7" name="internetArchiveTest5" time="19.683"/>
</testsuite> <!-- pages.tests.Test7 -->
