<?xml version="1.0" encoding="UTF-8"?>
<!-- Generated by org.testng.reporters.JUnitReportReporter -->
<testsuite hostname="Iva-PC" failures="0" tests="1" name="BasicTest" time="6.698" errors="0" timestamp="22 Aug 2019 12:12:28 GMT" skipped="0">
  <testcase classname="BasicTest" name="runTest" time="6.698"/>
</testsuite> <!-- BasicTest -->
