<?xml version="1.0" encoding="UTF-8"?>
<!-- Generated by org.testng.reporters.JUnitReportReporter -->
<testsuite hostname="Iva-PC" failures="0" tests="1" name="machine_learning.Test1" time="14.556" errors="0" timestamp="22 Aug 2019 12:24:05 GMT" skipped="0">
  <testcase classname="machine_learning.Test1" name="udemyTest" time="14.556"/>
</testsuite> <!-- machine_learning.Test1 -->
