<?xml version="1.0" encoding="UTF-8"?>
<!-- Generated by org.testng.reporters.JUnitReportReporter -->
<testsuite hostname="Iva-PC" failures="0" tests="1" name="infostud.Test1" time="22.713" errors="0" timestamp="18 Aug 2019 10:46:57 GMT" skipped="0">
  <testcase classname="infostud.Test1" name="youTubeTest" time="22.713"/>
</testsuite> <!-- infostud.Test1 -->
